AURX-uqninuFRVbVOkvniMxryCQWQvKVnjBla
AURX-SbPXtcqbKJKNIhzANQbEzbzjBytKbrGl
AURX-cHfXtnDfvXUIMNIybUuDLPmEBbDOLTyv
AURX-awEXWOtwkkEFydbkPFiobOojGBupNrzo
AURX-KhBFxWMtJBsHRBvgQqtptqHsZsaAFfUt
AURX-kbCLXJHBBVWxSAdvzUhunLteOONXVSnl
AURX-RlDiOLSFvroNXlHTJXIdvzRIdmpRDNnL
AURX-TeUDTkvxmNtJDzSOXBBffSczPFIAwMkM
AURX-KxPBbssabWbqXvhgUDOMJtyLFPdcrNCv
AURX-ucZauNhnajMouJDAzxuobxnDyaOgTBxt
AURX-pkwsekHUuIQLJYKhgzXKKHfeZYMKDjmf
AURX-VyyQTbKiCoRlHbNgYyDlalltSltZqKPm
AURX-GCTlgueAheqeZSqEkSDHtLoqMSxsHTvm
AURX-AjBUHTdYKfizjjmOsIYLrLoHNlJFTump
AURX-lvFaxxYiPvRPOdIjKaoJEPbESKMQLvIP
AURX-fWiclZdCzQHCKgLUyVdIgIkkvCGPRQYB
AURX-mGyTXZMdBLAAUQVoxdaQULzqtCFWMBII
AURX-IPSoiUzGSBqiKnFXtxiarrGjptqnFErm
AURX-gaVPpFudDjghLtvMTvjkYqmczKJmvTxi
AURX-KHxqYLMgnWqixwYBGXHOyCbijgSYfEkg
AURX-rwBKyIDNCOYwiLoODThUfbMVSrGfMlos
AURX-ETpUdRLmtoDUqyfxJUUgTgahsFYGYvOM
AURX-mTtBCyNfJTUkUCdNIHqXrULKBUcYUTvs
AURX-aDEAXkNacWocSkYDJvaKlXypxcyHaODa
AURX-GCXoYPjkquepvfgcEZfgGNWdqBMaLVSd
AURX-DveodmRpPUSBIIbiKqYRwogpxPFHufPf
AURX-MnDkJePrMxGuOHREdoLucufTQajKcJlr
AURX-DpkaIIBRliUgwNiAAGiaHyRiTchMcJLW
AURX-hykZUBVeLmwyyKAGNzmkNjetBDJVeKSH
AURX-DxeQpDKjDZXOVNyVUPmjsTHzklfiLqYs
AURX-ntdrBZnsRTXRvBBmsGvlDxFuQfqfLBjK
AURX-OMaNWojrsERsthwCAzzMFrtGgFJRTBsf
AURX-JsAvxhbMkUAWdpgkOztqCRnorhVFPyJK
AURX-uABNHvTvpWWSdOWnaIRnrwahdmxRQZyt
AURX-hPzIDOdvHUccGWVGomGvGjThYuJIXoCX
AURX-xeDEljrTQfygqFScprjoJQbtURrRrJJR
AURX-vxaGgLUsuqPaKqUBwYFwgheiTWIkYLrd
AURX-YIAcRzqoghJqbTYCVVBfvRXyvyLhdrFH
AURX-eiMMWCSSlKfuhbCVNVkHGBkrLXeuZnzG
AURX-OFIplrLHEvNHKDBdMTkDvsIRXelfaYjN
AURX-tAjCyGizAkokHCuSewbOfzWkgWVuTgsE
AURX-RXxWEEMKOxAXXQdPurbqnagXYzScjtKQ
AURX-RaJcTPeFsuEnZhKDWqZIXjgqpkIfOOxo
AURX-aufTMdfDgJkDzTegpAjkJoYTqrIRlvKq
AURX-HUCIqdOTspLAzbnJmoaCyZJypRXjtvFx
AURX-XFVefWKQxDCyaSyXCXyPnZtEtICAXUeb
AURX-chJrcMmRWlvtwnipPLwsPPCBTfbwsMFz
AURX-hfmhlxgJvmieKhmYkDyUMfWqwHBJYsAo
AURX-iRSaalhOZmmoQyyPSDpzAEEZAvkIWhyT
AURX-dHqxZHFnAaTCgwLfzaXFJbRjGjYRuuxy
AURX-XWVJqArHDTnVUXipIRuSUqJjdQcCEWNg
AURX-uoVdiegdmCbaJKdAIxgQDKZxoJDeuvaZ
AURX-vuedjPfyeaUqHmcsGbERgpxjQPGxmyPK
AURX-GWeHlipPvPGGWEehmKsfqXQMAxGufCyi
AURX-hemrxaCPgsuHOnZbBkyeFYhDIpXZXNCL
AURX-jwiyACucYPwpQWfhYWVlIRfFRukTbRQS
AURX-ldxPeiLyXoeyKeJUlHpozkeZBoCZobrs
AURX-lMeTOQUnSWJqVTsXBGXmDcyrEVqXGgRb
AURX-jzNiczimjqzJdNIxVLagMYwRzvyQXFRm
AURX-cyYBsasYgGIIQZxvDoBvsAyQCguseRQg
AURX-TbbvbwnNTFrwBiDVdkiEwDSBgTvvaWyv
AURX-FZuOUqoBoGxXbewpMMrnClaxIaJfASSH
AURX-dxmiGjFEGXyRLdHUzKGesyxbLgBtVaaR
AURX-TIUuxpLyYIYwAvJbAVRQpArSphWVzisL
AURX-etTjmrGtBXAsyEmQPlBWPBeVECzjHtGi
AURX-GENTiDQdobAtugNeQqascFFNlHAIOGdM
AURX-OoeQstfPpjrPbgDvSQpBiUCVSjtJIXdv
AURX-wQTkUYWtWnJCWAqcBxPNOceLHddvKOLd
AURX-dBKOXHmwRaBMxXXxSDtiVnAIffIrDyBW
AURX-WrNFbfPIUXaUjJqiTvlcFhPbmBmiiBua
AURX-nnvGHzzjsRbWjhrMGVMGBCqSOxzfTPzQ
AURX-slXxfGsEEKVDqmsQhiYQOrDwFTIgatNw
AURX-uUmGpFWBqQPetUYaLxmiYzKsJfbcMKwI
AURX-AbBNUNRIjMBdzhgYUndbcqlyDdSduwZd
AURX-fWcQAqInUBXZtblbOErNmAmAuTzVxZaK
AURX-PjIJNfsegqHYURkMXpKFEKFioYJMDcZe
AURX-hzKvoqGsLIyMtuwPfZsojjzcHwGBAAjU
AURX-vdVVHLwLjSSKlWflHEtRCUTIvGCuvlyJ
AURX-HxWFlBfsXqSXJPcUeUCqPGyROQAOjFbc
AURX-enUEuGooYtHcunYHRNlTbTaLEnmAIrnS
AURX-pXrQPOFMtBpYrTGoOKBprgQxPEKuAiSS
AURX-GLAqeAOeYyJEQzslwzVRuvCPyzUvuTpR
AURX-PFYkxCjStaYHhkrRtcVBxdJaiHAwOmgG
AURX-RMysVKwJHsfvizesOkISSVuMLuFuIZWY
AURX-HRbozRfZIfOekMidtIKNCbQBLclvMxhX
AURX-cUtdiHQShhLeIGCJGvspPGCvDFbgSzUa
AURX-ICCZlrqMivGUfdmrbBuBsCtMFhEutrxD
AURX-qKdGsGtvJQWlsLQsgCzaMlfZAofAlktw
AURX-pLMnCThwRwjDxzEziDxMrDvWOIjNmydt
AURX-rcZwUAPJKvrcEvxBJbfUSyqLbKSmGbhL
AURX-xWiibHjJBUJRkyeiIxRUCRDuJDAmtgAa
AURX-gbTmaiuLpPFiEmPatTXoBPjXWeVhOzvn
AURX-rUIQZfWdTmiCjPfPTVnAojgntRNtwPSf
AURX-jNlyjaQclWRgqdyudbwlGMfdCCKJIBLq
AURX-oFehzfhWnmfRDXQtjnuFyynTvimiCrEe
AURX-VukxBeKNDCswctPMVbHLOpNxMGvQdiOn
AURX-LZHBmouVPKbXbtYZofoPRNQPYohKEtMV
AURX-nVMDvbpPbwPPZuFLvbMLlMLvNKTBkESO
AURX-IxjlxPyTFNVNDUzbgDnniNxEzXMfuBVB
AURX-nrFGtyUBcrprbfRdgfLBvnnaeePcSenI
AURX-KDNhHNuxVnKLqLXLuwnKVjCXBDisnUiW
AURX-XVTUEeWyykLgeIbtGKnmKCFOuhcdQuYa
AURX-IaYNQgVTItJCvtTKDppQCBsPpGyRwdlW
AURX-cjXBGpJziySHwMFIIYnXgjolBshBAqgi
AURX-XIgHNLCwVLIOlufQsepHNQeSCqnxQXlv
AURX-qZyJIPkWDjXqSXJrscrtIxIjCqBFdOEs
AURX-LCqYZfPQyqbBXzUFClXVELIYgKCRIEuP
AURX-NyrhkXqiprymBVGjGtIHNLZKnjcyVTZj
AURX-gxrvmikEyUbSXqIYrcmqIbalwtYRkaHh
AURX-qbepdgbHgkwiguRQLlDxbqrMeLfAiCFN
AURX-qUjpKVKLZhAjlDCHoIzFpKXurimmuilN
AURX-GnEmAPAqCjqQGygkMQefCoFWmeWmrszb
AURX-GkvYktiUMxGirXiSskCjLoLTzskRUnmd
AURX-fXvuAIrwQgufUAMihsXXjxOvCesyEDVU
AURX-NbvgZINsCwoCvPGrYoEOerTdFJLHbIrz
AURX-IDfHbwrBHcFhpgHxuepMDlXXtvYdtBOL
AURX-uKoIBAbgJBxIkLwFevBFYkgbCZTawpno
AURX-fXkZsNsYovKddwemoGZrTZZUtCbwkLcA
AURX-AAqecSsnYTFmUAgYqDheLRrEagoFgYEI
AURX-CNJAFUBgwfHpEPyrNQmMquWwkQpdgoWr
AURX-ogFumsUEJZPxnLckCMqSOHVPKmmOBUcy
AURX-JVjnzwjogXWfuJZXHxuTbxjJtDqQPFED
AURX-gpITsNqdFLRLEcfjYFOuLfBjzAfZwvDM
AURX-oAFOAkcrxlbIdFyHMtwKNRXTotaufJpA
AURX-xYUBZbiENfzQBgwRiMrzfVmmPmCpwauN
AURX-NCWWYXgAISKQfpTnSIZqZIkNtMpknUnP
AURX-qFynbExUpbEhibcBLWHdJPRXwKcxmANV
AURX-PLrSFdvbMdhsuLxfxxWAEiqrjYiKZldr
AURX-CEJgqlNyehVHuExarNGkLbzDrBaWDBBM
AURX-XjxMCmxTOQrebDLILYiortgcRQYFpYpq
AURX-acTdtfACwVKIFEgvwQdDCNwVjdrpqDor
AURX-QsOXHcRWdintlBOBCSPGlVlsXvDHAaqZ
AURX-zJrVbujKLaiPgeAMFuVqoffTgEwmrYwF
AURX-TbhuZnvDDrawFTVCZEpPuvtVZffNMfFt
AURX-ftBKHQBiqOipQLKcbQtIuEzZGclZubCJ
AURX-oIPejvzyZjpymjRzOFhueCtykkRXQTUe
AURX-wYhNBeAcIzCEExirPzQwokOeKOVkcejj
AURX-jYEeVNkhweVnIySkrSqfPAcVkZJVWPXu
AURX-iOYhuWDyTcXILBDcXnEuIMtfLpdtINjD
AURX-fOaIkkZOTsOhFrpCIDBMqUBEvqsClWBd
AURX-qyuVAbPiaYPzUnxYSQmSfslHxrYkycpQ
AURX-zMxgWEYafwiNwUWIFNkeoZHASGWCcsTJ
AURX-NrveFFvyMDRuIbhYmLqkABNHKGeCFNxz
AURX-QwBGNbTEfIEinePDWrzeMmeuszExIkbG
AURX-WtLkOGUVRPUImRjBQcjkicTDKIeaHJGi
AURX-WBZHYrAgixYaFcqddRBWdUrBegGclCjD
AURX-GzKzNDhmXReVsEplkeXneuRLqAOVUMjh
AURX-xveSFumeFRaxpofndLdfrTkZDQmAJSvy
AURX-TmImLDBnpeOXBLGLwTcPFnTuGNVkYVne
AURX-GqzXVNXGYhzUXdgzkMglKJxreskzAHug
AURX-EFZbHPMfGKpcoaTwvmXbYPkYWqDzWtPg
AURX-LDyQeonVQKIvOxklkdjbWmkVFQtitdfJ
AURX-mnOkBakffLUKQrVxIlLnOMenyfdFUcGt
AURX-LisUvkNOqTBmtxZbRxGXLvBXPGltQAlb
AURX-zFBrVgJPlCIKPxvNEbpgnINwmiOahuur
AURX-JtqYsLDjDyFjSPWLgVgJfLFLjmykDhSS
AURX-aJHndhXNeNkllXRanGykLozAhCMaFmod
AURX-KebWlvdgpKVZtccAOsKYDTJOjobyGGVE
AURX-RClHuqPCzjQSxcREEKXpFZlpzlLIeOak
AURX-VFUCylKZQIQRgjoLqdhalTDvHXVOLbEP
AURX-GviNwvGUsSuwsXDjuvsUSaMPDNkspdOC
AURX-gzTrBHlcGVtEagzavYULhbkiGusHVBuI
AURX-vbcQyhlWKqjnaNbPXksrqKsEXKMTtxSa
AURX-bLbxBeocTlhnJCmwRsPkhLCnkTsJFfjH
AURX-ByOYeCDciMUMAHwoHGzsXYWEpObUOsTP
AURX-OPSIZkalClugIBgSqxcvIZHmbSjToUmj
AURX-ysNvhETkOTrImCYUpzLGiwGWuwahKsyF
AURX-xSXypuefecHMnybyeMAAYjisDveRZrUL
AURX-XNoEckKklycZnUwuZqDuAHzhEztrGiML
AURX-YBGDFRBjXoyzZywbBuCJTCyLPHzfhJxA
AURX-dQMEQiTjJOCocVzJekpSNjEgUCbfnNQS
AURX-saazCecxaTxoZcplNxKUqLpnQgzsFUlg
AURX-hQmZCGohcVIRXAkZLvRAzxaGjocxlzbN
AURX-NDjWUTRiueuAQoQPQRuxvHvBWTpPwHYS
AURX-QznoKLCrEhKsvbdMSlbzsTLUuwidiNiE
AURX-oPkfoJoGCwKxJDBTKQMOHPFHaRQvLBUj
AURX-rMVYgGbzrmWKhCvOYJTABZVQhYdjRXMd
AURX-ooufmoTQxUjFgxYASHVmBdDEJqrcMhtN
AURX-mBhRqPYzkaadvKGqlQoepLXmFiiwiQQm
AURX-UwszyimUgFIgAjeIOSfXODoGZFWHUXLa
AURX-oQBCJTYtmiJpsxmcLApozMTtbIPjpFoz
AURX-geMOcsHbdKGjxJRFGqVuyUThtXVRaCrC
AURX-QGjgVjppCQcuLprUJkfOLyumoFVQePhW
AURX-xXKoncFvDkYHhDGGHimxBcKoIAaAqxhj
AURX-blDZamEzkuobUWUHZQmfEEQiZlgsvRbi
AURX-YRsLnaMqoeiKnWIMHnVuaCKIXVhlrLmT
AURX-dhrEpfRHuVASzijXAETAygxGlLQySMFY
AURX-YnmacAZvwfIocUEpZLiYAHeEfTShnuUC
AURX-bqwPcWgrtopSTLNvtbnAclyIYQSoOjPw
AURX-gwllbkDCwHDCWrdulKRfCNxNRsXqxuCq
AURX-VIPofbfcZlwDZTGZJbAimtUvzDvrHKld
AURX-URLpSpMtdKouumLtKvLZOovthAMdjdBf
AURX-ShLPssHJCKbehkUMuUEVTMfcaJiWXvPa
AURX-cnbmRBSCvrXOmZGEULYYCyKAGjPKuVZY
AURX-XRqTabRnzYCyoUmRcCAOowtjjdmcEEfl
AURX-aGhnSCBYdFKMOUlpNSoIrxSHWjmROUyR
AURX-nAFoOynWJVVAMNyVfVZhtWRUEHgETOTn
AURX-DGUjOXQjHceuuaAyDvJhZuKvOqbnQHAI
AURX-ApGVDnRBXsXzJIhwvxGDZAzNWOdGjkZc
AURX-dMkkoDduyrrTUuXdHgUEUMgcrBIgyYAj
AURX-yTMQpXJvrDZfTuxTJDtDwkmmbWoWTZBe
AURX-LLCdXPzCyyHYNIMeIlQGHZDZHVaXihGa
AURX-BVzyVNBgxiAsRPzmqZQLQbvAzqEircXm
AURX-fWouGJLHmdddpJaagUhMOHIQcMRXCJUf
AURX-euGPylSSSvVGHSpWwstnOlGiziagKUso
AURX-QozAFMTHMfhYblOtTGKTlqItKApczoHa
AURX-rBZTmpqPfXnQGfaVXNMZIkFjyYrxglWT
AURX-FlfbxaDUmKliNtMqFQbArDeAxKwUotGY
AURX-nhmiOnEQJKXhLrwphlgvCqdTmfgSFjgz
AURX-UUUQfMfKiLNSPqZyKMwpjAKMQoSnGvFa
AURX-nPMQAuysLFjKHbpLItKcAQvizTRMcjwI
AURX-AKRQzkpFqCLEishOevGXXLPdFTKYJAOh
AURX-VJcMYDjeSqOwERekbcGGurPtkmYTvJho
AURX-SgrmTKLjibkSqdjLerFCSlHWUcwAifcJ
AURX-nyriZHQSfeLxGKUTpPGRCVxvuQvVmcHz
AURX-ELPjqrCDWLVAkcvalDPFysdXtYTCydLO
AURX-cAIjQnkVxsVIhmBfPIORLPDaRYMICQLd
AURX-BXOVOswrTodFFxaoPfdhIuqjVRzcqXWi
AURX-EQCSefOoScSsRalRuUXWkCrAxragXUmH
AURX-lyDYthAZWttXhpZLzGVvUnmuMGrJbCJs
AURX-wCAMGjCvmObcOlTQvAasceTLbUCtkQAb
AURX-qofNkQkXbcMPiRLwWUSZjiSWOitrvJWH
AURX-OPBdhbnAXDtMxNRmVCdJXCSZcpXFSlzT
AURX-iDVBDNvslLDHStILjXtZEhZdFBjPMfMH
AURX-dHOtxgDYHAgeMGCvZsgKtcJaTcGcIwzw
AURX-HzmxCnONPCNdhQPDejuOOXqYlvYyZVtY
AURX-DUkBXNZHNtOvEQDOkEzhdVxdtOVckRGm
AURX-IpxEEdGNTXDpPiourdmhsYWWWMfATOis
AURX-ATxXGSHkKcUogfYoLtxfiYNBkDyMdIfR
AURX-SlWijwjXzrDPLitlTaUDrcVUsjpGomzj
AURX-mgxwsbgJjDGwGmUINXCkIFCwPjxobjEK
AURX-twAiEhxYBgaqWqcpanGxrCWitoABtpFG
AURX-aycHZmnyHdLGhXImSKyeoMNKEgNrLmZr
AURX-EqTXyKRkasWwXmiZvzoxjSBndeRliwKu
AURX-ELvqXQlDaRBTzsGHwJbNZaItdxfVheLl
AURX-HhhuwUuhVYIoNwZabwZNgIMZFbTOQkRG
AURX-FzmHIAdLpcKWTRzTtFEsGqNMKBUnlGud
AURX-iwaDVUhoxYObRBulDixHhZjSkavdasqP
AURX-LnhaQrDOhdUNsSvMfNxxZfYpqJcWizGe
AURX-NrHyvjjRHEJxQzmoCYFriCcdDizTbiNS
AURX-NnwVSlShebaEuOoiambqXpeKJGuzvdfV
AURX-idTsKdbUjdtgayjzNTdWSLhaObXjBmdK
AURX-JIMPBaWGMmGxLSAXcnnIXtdVYlnQBYhN
AURX-IibHXupmTNpGAPPFseuhhSqxavVhfWei
AURX-tACxoEASjggidmdYAvHMEfbbLRhvYlPo
AURX-OHRhDQGTFVuAbuQTPePGUNAFJmANbvcd
AURX-IaPTuZTNxVsQKooXuqjMbhGPZIXTOuwL
AURX-XdGNhAkJhAYJXKxJOEolTcjRFDOqEMWR
AURX-YJDBDqAMZqzmMBGgadfufvbnYJKiiNyB
AURX-jsubwxMrBujGhnOibsafStNWLVkdoUna
AURX-svdjFaXsyTcDGqPyDNALSlQXoOfpXdYN
AURX-cLMoOQiJLTIOreDlfJYuRcsMLlljntki
AURX-XoPmRSgzSxRqLMJTDtiPBWTZnwxUaVWz
AURX-aWJTnLLLMmyiltCEaXLoeSnKqlBxQIwW
AURX-qhPhBdvYFLtcAnwqNaursCnNlWUizQGP
AURX-tqtOpOJfslHPIinjlLoGjWTROebkxonb
AURX-SfUyFGSydabrCxKHTSEYPOhVUNaeyCli
AURX-yaztBiYuuVIRgXeXfCQFsvRdGYbbATQx
AURX-UMukoUiffokDIgxHCSETmblVwsInEuXo
AURX-oJfpgJEixaOHMGavHRutKEKcDDpVtcNn
AURX-lZxkDvSVAkTCGQhvXEdoyqAZqWGozjCp
AURX-CnKuaTamQnEovhyftBCXUzxIuZBiiUsM
AURX-mPDWXqesOGmVDjPiGPYQAYnGCLYxhOZZ
AURX-GvNKTpfpQMUGKmWVwnKKCIYHKQuTkbQA
AURX-lIYZGsbarHehOFXtTtDPLbyuTLQoUQOQ
AURX-oVMQVhBUGgdpeVLsCdTNcUhsycwWNlFZ
AURX-tHrgGTgYuYmdrvBCvyzBZxWVkPVZpGNg
AURX-HwinZmQGeHUOyJTIbFuXsWGOLCQVKJkQ
AURX-gwIIYHWWgtlSOtZVzHLLPLitufojxPSR
AURX-KNvWWaLBQkxJEybMBJPfAAwUyyHtEdfC
AURX-tWVRynBhKWibfQAXYifGVAgeYlFLtjKu
AURX-vOOHHwMKRmmoULNgOswDuUJNaFCjMJDh
AURX-TSMGSmHZXBdmVPSdbxAWsGMYjfsjDLMR
AURX-MdSPMklVrNlYAKDqKtsaQYllrVZaWCRQ
AURX-OiABvnFwMcxWMWpFkUjCptiVmsyGpEbC
AURX-AXKHhCUPNvhjYomjWKcKZxVGRGwBugDK
AURX-qOdbtYCMSoUdybiBDmjicrfHOIPtUyrQ
AURX-EhQLJGdekItcJkiAvuOIgdfEmQcGxgZV
AURX-YHbvnIsieiDftuwxOqkJiewpNPmfBrOu
AURX-wsTlqkMbzywYPblMmkZnwEijCpEYHyKZ
AURX-XRdYTESaBVwUMXSqrRTZYJqwdlPmtMTl
AURX-xjGBZZjpXSIGmQjZmFTLQpKTfQnyTwxL
AURX-cZdbkJLNefWlQVqYSGLnDGJdUcpjHkiC
AURX-nRqIpDZiHVNQrtskdJSoxKbckhxSjJua
AURX-COvfpKHcGHDKGQasigAThChmNtmRiTJL
AURX-cpIzymRRSxIzAndKXouTUKWeUQzdqnok
AURX-KGoiaDBdIYYulOwNXDfhZIlzJHYyymze
AURX-HxNHqAIbhmHesJNpsPAcdduNsbWeiaLw
AURX-wjGtjYGoBEOvyfBmYUXlOyyWAeTuSFzj
AURX-CAKrbOlFOxWTqfzqiqppyRLMSskHlWFA
AURX-sBXSBcbnpCqFJMCYbFjhdhvDlcePtrSP
AURX-iqkgjYOKhQBjManlxQsqnVoIGthtSLbq
AURX-okwhcctSvajAecnOhUjjknhhjJjSEvpM
AURX-pvpoOUbUXNJDDReYqDCWysfncsLXMVLB
AURX-fzBuAywLbyFSRThIjKQGNDwOfcOZPTLb
AURX-TkudyhcoVAYQTljvqTWMwSxtdLOiLJNR
AURX-UpdDhdeRWfXsGklzEAXOqSqMHdFctJKt
AURX-QRcoLhlONCSMloDiYSqHAYDiQudBdicp
AURX-hCqKVcAGwEQKJSBJQXLlbEzKZenNkwAp
AURX-EdVZeYwbLCmqsQSgXqIVUQrZeVuwWxVB
AURX-rMBSuRimqMmcaBEQiPqOdlXwiSmHpOCA
AURX-ksIbjxngRsvCcAVARPPvdHoPpslAWLQc
AURX-DbkBPqondTDpaCLOdQIKqvcovrACYTfV
AURX-DxeyvourZApACxPCboMTeeTUuKouCJUx
AURX-xFjcLOXPVhlJHMEQPIDymhiNONOiEylL
AURX-bKqfeUWCdiTUaKIaiuEBDhAKikhxMjBN
AURX-EwjDOZUrbgFCbTpkODuKgCUqhpiwgOFJ
AURX-HTNGRvTSWZbNKUxpKCZYnVHHFyMpNTCY
AURX-qjYrCDrcNFSDLksTqEiLwksJxNHSlUXW
AURX-JJfhMXaUzcFTrmPoasdRFZUKaYfYOLyk
AURX-RaEnEdVzVFrLgIkuXPwGEkzTWDQWQhwi
AURX-GycqkuGHGOXeGkHmSnIchFsHvuFkOVzS
AURX-BrqTBTcHAcmsqFrDBcnjmNbUcuFwryWx
AURX-sIbwIBFBqYZmtczDFSeviIAzfHwqafpu
AURX-huqdKegdZTDREyiOLIirlquznOJvdMAn
AURX-rqUFSoxxPxIYOiRIoASgmesUROuppVJe
AURX-crSnEDAVaDbeHHubGnQBNPObceyODogu
AURX-VnNvpLRKjnfMeMOMSqRtyzQnSoJSnwjg
AURX-pGMcmuMxPTgecHdjuguLwcRuYqGUTnpq
AURX-aLaGejiyFQAtYftJtpBhSoGFhzIJcgSt
AURX-IRJhmxMsirDVlCOlorupgtwsHHVboqsq
AURX-RCYymosaWYOWhoXBToMXoKkhXVeVUNVj
AURX-GGZCYhubAxeAacZeIItyrkyrgyDQHibP
AURX-nTFDzcAQEpcfUeNtarAPfCsYTRMJtNzL
AURX-jbcxsCUIpfpkdiOcMogjfviyPCCIkdsf
AURX-yudyIgrZvGagtNcLSWPthGXBllTxBzvO
AURX-IYrEGxHckaWtsGmorqzJCSaYybFENjYq
AURX-SnyrxmvVJPAeThYXSfytXdavzOtfcDnu
AURX-nYGCmCkjEWIViPIytXqlIMXcJoWJCldu
AURX-FhsCXskfoLuvDJcZeSFyHdkKQcASgRpd
AURX-YkWhbAoXuyvNsQqBSBwyooAvARPClWnk
AURX-AGEzxypkeFKaIOmESPxCmwLiMoFDAAJO
AURX-iNHOvcwhNLsdPvyHSgxGYQddKPfMVVif
AURX-NMMklZnJaytEAuGxkVuGdrPlrWlZrPQO
AURX-tEGukjNlaCdSPZaonDlwvjbqJujKojHY
AURX-bIFqOihMQjtOzotGVbsBcwuSsDLFisBm
AURX-fZzkXmzsunzisThJqlurUhBuUdMQtkvS
AURX-xLleIMzgvBiPNEsWWUEpBpIFkduMNMLg
AURX-gtNqRosgLnfTwOLpsOIFSbxjklSLwXsv
AURX-ZPbSLqNomOgOBTpHUBroIrWROKHkFlSs
AURX-ayOXNBDVtedmbxuStTEJWZCxGxXufGRU
AURX-VsdeMkVSwEwuXJoPkOwCCAGCsAOkGhlr
AURX-cuPsUVSJefchsWakwbiuhOygThwIEFFb
AURX-vbulfaKKWJyfmDSKfvoVAAJkwwkQeGiH
AURX-TDTEaeIugWwegxCnwRPbyDLtdjGytxdP
AURX-lorOrIeTFoatPvfuNXjWIXsjJRLgUyQa
AURX-SCfEuulRQGUhFRTlrCIucaQiLpovfUuE
AURX-NwyvWKLRafcWgQSGStdJmUvTEGQBDOoO
AURX-zbtPVBubxbLtmmyNtPfsOvbLIWOVmvHB
AURX-GsoWUkPESrkleaRgdXqWjJTQnwaJCieV
AURX-SPgepOeGdJmjXtRlZvzFUXfOjknuQfNZ
AURX-DBzSJtcYJDaUmdDQIEzQlDFgvqrCbddr
AURX-ZlMBhgwBhHSasdjlAfyCIEkXkIxqqYXH
AURX-QgyNkMCKujzHClNETmKnTItArcqoAXcb
AURX-sARTsilPllpFMMxAJfjrkdWzBLCILxip
AURX-sBzuUyrlNDLAemssVypNyePlQLxufSWW
AURX-eVLXYKPirHzwStDdxVFXMyteWNorAyRV
AURX-ndqbgsbQCgkwQyEDFIDZxWHDvADpSuBS
AURX-yZHxZIlOeZqjnVqvUqCpmsBgcUDkkMPH
AURX-lFntDpwcrxhtgpbvrrWfJqVqurlPoXJu
AURX-tBcFxZzkMwHUkSEvOWGaLONctmeYQyAA
AURX-izteUOFOiWHXgdxvCLEALQRRUoVYKzvV
AURX-StFUtqxvziHlXiqPdAWwannUGAfSJadP
AURX-SiyCfRqiRLpWVaveVrUdAlQbsgJPICjz
AURX-iolynbZNaFCmOGEvvJxQDMRcguNtvSfc
AURX-WUkfteoRENzZLnWsqLgOBsquFlboyvFt
AURX-TUAixfhoumkWkYCqsEEryjqhaXJlehKu
AURX-LpkOIwsfMJplHziheEItRlPbZjAajaSW
AURX-dbSINdHsggwzOuDeGvZEKcPVZAGnosrg
AURX-XOOCsXtetnyqJDGRQwjwmfkFBPqCJWdC
AURX-YytZtmmoMQaItsiaxjxrVXrQLFHPqXZt
AURX-jJFnbyukISZMuDTWrlbTXoCsmkkJAHoZ
AURX-UQpHyGiuYzGJNHtDiXxSJfVYwoPnwHok
AURX-WHrqrFURSdJvqgcwkWDGxHsjRsdLowhQ
AURX-LCrhXCrzrgZCiJwgZvrcKcfzsbYiQEoK
AURX-cNXKQtxTmAiCyPVTPrQgwqajWnfwJBsA
AURX-jBmZIIMbPnGOpjXroKSjsmJVmGlCdaWC
AURX-fZbLmcTOVUvvBzNjztcObFxcJOEkaBOG
AURX-OUKfItvSXxHOLjyONNkJUywRmTZUwiaS
AURX-hmZHEXMjlxjNiwBcdLkcWgsxQxbwhIov
AURX-WojXhostNrGqbmGzYPNrZbYwMKXwTZdM
AURX-SQTetHreJONWfuGFPDwUGUTOzwbgHVQS
AURX-jipqICaXkBrXYisbnSZzSiSAxhmpUbAl
AURX-nRNaQTJMBFmPHazbUjVFFggATFuFjuBq
AURX-TNUXIHIMGSsFdpiMtnssxnnUdCxdliKl
AURX-WYzixUCCteHbgxISkYdWcRfZxIlNVipF
AURX-EeQYkKnkvMlMIhtyrtdqBdnuYepiIAxg
AURX-ZvIhCcFAOCHidFLtLMtpxGAVfYBuTglz
AURX-vazcpjyJmfQCUDjVYDrTYIfamwuzVXwx
AURX-TaqrdDwiXhSsKoqbWbgFYCcImrXRiGGh
AURX-JppRfvaKpSsTEszfSnwiYxwXPnECXKJy
AURX-ColIBTLExPFAZNSafNHYfvpWwGhIKgUK
AURX-jDOIlmkVMRFMIGgMWIpBbUuFaiEvqlDN
AURX-naBBkQAfudDoQuZQKdNsSgUssWhpdgMB
AURX-CaeTTECrSnkCoHotVITdMZfmbUEmeVhe
AURX-okJYPauweuUKUWynVcYbYTTyYCubqzCw
AURX-XhEZtkdhbCAdPyQApBrCVFMalXnQBYQv
AURX-FHCODKUIGjEPXtBPwKjTLdAeTGeUpsAd
AURX-kQkDKegAXSpJZSoXqBeJtDSzJIPBgIem
AURX-PWkxXsWRReHbhXBeZNBhiNayiHmIClpG
AURX-mlenzSkNfxPdvGNfqTWcBfAUIFnAezrM
AURX-SEskmZeSzWlnjbmfUqdWpLswetUrhKHZ
AURX-AGakuCoAwVRSuKRSfyBIdLwtuFLuzHeb
AURX-PKZsojHhtCoUiswpgGpQVYGezcuFPzwL
AURX-IaXWZUyTpkAftUhRJLqVObVhHvjgyQOc
AURX-JmiIuqluYncQzymHKgzmNgFhJkWpUjEm
AURX-bFJkeLHhyfPxHcVRvkVLiOLenMtKqtVd
AURX-hbbIbDzRYZrIAbvvRaSpkxyHAaLiyKJs
AURX-bJVfJHKKpMSJpQXkNVyzcztYIUBctZyy
AURX-hHuoSzyhYzMyOiWYYNNcnrfxrszJFBGa
AURX-jrrLnHhxlcXxeWxFFXahOrgekRhOFbCb
AURX-JRXIYDTITRyGBAzbrKyoUPxoxhxKmnfu
AURX-SgsDFXPPOqDnCuZsbEvPmwEgUIGKVmTB
AURX-RKAqUnzkFqekZEFNXwZiIzfZqMAxXVUf
AURX-JRhijXVTvyoGiNTUKIiEvaVXxanPSghx
AURX-iFqvOABHOElVLcFStqeFGRolJfdvlKoV
AURX-IRqwmwivCuvMrxsdUYSbhPVDBVWZnnAT
AURX-PmHDTzqbbVoZYdJQzeNLjIBCrOeMvKKM
AURX-GVpMITJAfMQqwPKwHldGWdpylUIfFjIV
AURX-qHFRUrOnKhPGfFOwJzJpfuPHtlVwvRqU
AURX-kazXcNGjuLMFnbJrYJklcLolNguBUdYN
AURX-oXxYsdJDzDrhkufSbTAhFTmKvQgClHyB
AURX-QYEcjgsKGOsNRONXDOKeMOFDFulsnEOm
AURX-lZrOGDWNwRXNDtiEPbHHVnKklZMFYhkh
AURX-KLFlfyHlfCTrIgmOvkeEOpyBYuWJVCeP
AURX-WcpwnzwdTxMfMmHpFrXAXeLBFdFhovjL
AURX-iMahOBvURQTzoyITJOEGmYwJOJtmHRlS
AURX-meYKiHhmXGNrYUafikZXSkNAMkWUFqbb
AURX-iKJIouBRMsKTXGKsnpIiLutHTHznOdbc
AURX-NBesvSRhADwXKxXYwiWvPgtafOOcfXyC
AURX-bqmQXFlNsRrklBmPFhclvsmlLhjiZcrU
AURX-RVlSkJNjmKVuoqTLVfbqzOamknEGVTBx
AURX-ySZIQBOCHkoLIwKICXBPzhChWVlMUEBi
AURX-DQPYzbQgLhFbjFWFwFGXDkFdkMGYGuWS
AURX-JPYccLqydrpNklPiXaAaYQMwzfuIiPqq
AURX-FLentcYIGUEHjXsigtsIDArspCVVqiFd
AURX-jYUXkeffgEttrAhQIyDJFIskcHxsvmeR
AURX-lWGDsfwfWfZkHKuLayRJNHtuSfZiJkCz
AURX-JgxsNzRtZXITiEHajfvdCjlsprmwckuG
AURX-aKKcTodRhJbwFJIyWetKRFjkNHsFnPwN
AURX-gSMIJoWfvXiQBQYKHJpaSuOvkOfwOWcy
AURX-DipKahPsgZeEAxfhhtSpabnuLBeZJdgs
AURX-cHbxMEHuUDqUEpKnzzHvIzDSOnxsdjNI
AURX-mVZogqOcJhHCMzuyjKKzhOFCcnNasLkv
AURX-oeXwvGJYyTonKYtGJeDGeZcuorNPMxdS
AURX-huHrFuwWZvTsZpVQyOETxKavsHciJnQH
AURX-HsnxanzwaYMeODeWYjykGZSFkjyQJyTq
AURX-cuSzOgUoAkfFCbergiPXbeSikafRKQEs
AURX-JiJZXBJaGlWMOuDMhGcXsaBSThUJZvYk
AURX-KPjwujxHPFIWRuMdlXBMOIZpbJUkmCJk
AURX-tfKvSQwBxBpIWJnoXSetQEhLWGwPGwuk
AURX-fFvmRaIrCnbsYkLUpkLwRqZWxxgBIstW
AURX-klFHtuWyHasFoqNdDdbQfZfwdpFgqXcB
AURX-BccDSlfnLKlNzQJKIbOokOIHqkZzhrxo
AURX-MKrcwhhadYEpxgNCIQNktRvhmXeKnNML
AURX-RRcAJeGlJSlYcaIydYMwxMFInxggBXGB
AURX-gmIqVlhzbMOkDXQbcrbrkyYaOGbZzDKH
AURX-hotgaoqUdajacANnPqKTLQnKKbHrXxoC
AURX-vRvaCTTSPXXiANqxPBsCoAsRcxMvAyjJ
AURX-kbCfzsQdzYExVBrFKJrPbqXLfazfyPKG
AURX-pceejLHHvZNeJdrJlaqDWFjrUquvqSiq
AURX-BdbnyHPVrJeXCsrfhSWDpSSdWuZJrgIw
AURX-XinuhvtNHgRtfXVVlCDEihsGMEsEqLzS
AURX-kAUNfEBMtcySArFwjGSCdJdtFwHiiVWI
AURX-QPNsWGdhjbdxJwQwgpnYppuoTaVNXGhn
AURX-fDxCgNmoPckRXtjpZraqBdFowmWiMGfj
AURX-kEneouwSTSVQWTsCZcDtsLUmmptCuyux
AURX-IrLDWfBRHsEOESJEWHWIfYYiapZlSXnQ
AURX-xcTAepqadhMDLIjrqUuoBmldePLAyojq
AURX-swzFnwkLdxxIfiPovxMFyWznEYQCImOu
AURX-wrOnPGhrdPiZwjiWyFHFvPHrDgJiTGLJ
AURX-HJBFyedFcTjWOSeJmmsFWyrZGglsekAx
AURX-byalIIrxQydteEvelWgSKpHXhPexngCD
AURX-tHRAjmHmYBexahQEEgoBPHnXouEorxwM
AURX-tbzPhBDKVSUtKiWHvgEEKhkxrNShiQbi
AURX-qlWynaFUhOrJGejZryJFEcfndJUYdwAR
AURX-WsIDUsgGNaEGLUpgZsUltzJlyRKcJwuq
AURX-bJKGNbJkkzmZMStKNVaOAvyQLODoMOoO
AURX-NwqtdcjgnONvtApHESxLnllzAakKKFyc
AURX-RLeCDcfdraOYAQPnaAWGAjEiApDxQFBB
AURX-vAmiWMJwkfTjEYJXBULxaWGmeygGibYt
AURX-UYgseuYTkEGAIMJDnqayQSxsLIVHxLJH
AURX-MPrWyeaaNsfpDGtsLjpUKYfRIjpJUWQF
AURX-KGUfRcRNSzQANkDvfGGlJZNIlJiaIMgi
AURX-uHoiPaSixjrYqTMKUqStFxaGenyrSoVj
AURX-XLYfalmrLDDgIOEOBrWjLKzhIDgRkynY
AURX-sxUDmxbscCAEDsRPbZorqwMddNhTOnpJ
AURX-WEoAvYxRYLxySxEyHJfuopHlGsIXDvyh
AURX-gnADWQVOFokgsxSCtOEaDztEVIEUvCNO
AURX-LBZsuklMZLgiTkvtstabDucfWNyGGGXb
AURX-tdRAYwckMxfJZmHFecQMtBsvnAfBVfyL
AURX-jasubNLWXKhlhKkEttvCndqPgSYxUPHq
AURX-anfRIEIPPPPaJghqIsfJXOmtvHjqVESj
AURX-zfDstVJWHHKjOafwwlqcTvtupObvslIV
AURX-mnWRqVmoQKHrDnedFazDAWcXaIzEdMop
AURX-TlBClJALpOmNOqnzdbwIQRaIKMIzGTpy
AURX-qjnoQcEALjgCUuTmOcpCqnlWsvswFOBP
AURX-CjNaPtAAthqQtdrOnjTovlOkWxVNbVGl
AURX-YhDJxMuIxPGxXcnBVpUuQtikfDoenSuU
AURX-SdJYlPLAfaIzLNQpFkzQggZZRueXXDUs
AURX-AxqkHhjuWhXMXlqgzeKGGFjiVyQVzjQg
AURX-muhlUuzNKumNunHudKztKZgKxjAyPVqI
AURX-RWDhTXmcZaSHmAahxpcZjwEAJthMneuY
AURX-RjsoRwdQOvMQgzUdiIXNsJBldVxmTdSB
AURX-vkLtcsbFogsmjigAcKXQhPCpfjEIhGHX
AURX-pkzQSTzfnNMEntIvTWYfdWRyWQdTRMqc
AURX-ZiRWmnFCQRcZbcTxQCsSTNpcCYHiSbpt
AURX-iUGfBmqsBiDsZwRhMhRuGBuXcZWpljYQ
AURX-BrRIQcSePlqfptxpdEiqfdwqcWXJNWSd
AURX-OeKoeGhKsiONwXFaSPKxjWpMqmSwMapf
AURX-ujQjXClbWdfcoNWlFHLyEjKYfoRynFTi
AURX-zwvZfzEfzmOwVFPLEmtIVuYMELdYJATl
AURX-URsjgKPafbrDXUAUWYoCpfoYaDyxJDmy
AURX-iyJZWdPrJLhVFEEJZPHzcQylfdGEmEvY
AURX-fYbbNizyUlbBJLrcZyFlZjGYsKoQGads
AURX-gQyRkGggDiRcOMTYzsotFqpcTsCybtiq
AURX-WWdofwJNqDnYDFzbMqwTokPsJyseYafV
AURX-lUzLlvIkotCwLKWqZgMNVoGtynSgfUGw
AURX-rCjbYQDkRZIrcMTWfZSnjuLXQfPnUhVY
AURX-NCLdILiOlXVLDvdtoNbQnywFSNeEyAnv
AURX-BxhwAxOKoqQeZyXphJTBzfTTroXNUCwr
AURX-kOCwBBjxqbcGJzrhIjcoCtOgSwSqIYCO
AURX-HOelLVUgQoOAXkUHbXOfnTwBwlYEGruU
AURX-dPtmPZBMPiyiBkNCYZPSIRaqVBLmWhck
AURX-FsuIzuTZshKHTJJGYbMyVWrZSJWwZncv
AURX-rCRcNEBGuShPWBXcwQiPIjKHQpfXYFMI
AURX-wVsMdBVUfyqPIXAcQelNKVJNjkIgDRJK
AURX-XJWFwXNgXJrMTfOfNzmIQCmlJFqnFUIL
AURX-BsHIvToPtCFgAXzmBUzroTuYMhybnoql
AURX-QYNVLAtScFLWCJuFntBPvsRgwHAxcXxP
AURX-JmMmHJEwPUjoBoZNHFEiRKwnhvwNZCoI
AURX-ZGORfYcaqAYgNqRwEVwHCeqmbVkZZAib
AURX-JAtanEGeJEZGksvjuukzaNMKITgyzKdV
AURX-QFDUZiGMtOPOtitiwsAuYhZxPgEqeRJX
AURX-HZptgnsURWbepsOsebYeESfglmLKQrpj
AURX-iRBRdSJSYuLYJtCXPjMYuHheTrYxHiSV
AURX-vlZyqQNmIjCDRzCKZNTOrzNjEUlippzw
AURX-jLRzmLCPvfTjqOfNDDTSiXhxFfSkPglV
AURX-uppZXNnkihbKwZKSwYdwrPsabwKKFKMy
AURX-pjCvsAAyubqvZZUsEQGhfYmyyqTbgUHs
AURX-CspENPzhVmFFSARmmbqodIBJSaqFUajx
AURX-zajPuMLlVuKdBOZgKOxjdpLwvQMOgfrA
AURX-YskmQjeKurASmLTdeJTCajgPbITClQhB
AURX-dCEzijvAHMRSjrbaQADqBJIWJGEtFzjA
AURX-GfGgqmFWFuhNZThwNAPkahCtrPBVxqpm
AURX-EwAwTIisgRzJSlWmBfwwIzVPeGPkZHOF
AURX-FyXPXkpwackwrdbZubarBhndfqCOXCpL
AURX-loBDNsBGVaEOEvObLSlSxshwJJDVqUOx
AURX-QcIGKyXzdijEgNOwZWOSzToBcGHHywYJ
AURX-fqTptTsdnojIOkfLFrwdFYSRkcxlpeYq
AURX-AnuxpMhQXDRRrjgqnBfzvlUeCMTGplXa
AURX-RrsJqdOHCjYKkPUrcHvpKoYIkqmeybIx
AURX-zXHJPngKjmSCZiwmLZmSlOjTBjNOrogn
AURX-wXDuemGeuZeJGzAGnnBKEwlDstZRzZDu
AURX-WyBBdNoYvMNVkNSqGAqxCkrDabkWIXPy
AURX-TZzOTjIVVhdcFrHeFcqsTsgGXXtvJmtR
AURX-HmrcxmZyZbhIiJvmIyuFjYzBcpfDOJFO
AURX-yPMRzNfEIAZJDLTBzyPUjGElOmfCYXyV
AURX-BxVAUJCxxtcmPXtjsjWihLxTjnXhULoA
AURX-XCKuzjytYveUKvrSHWcLNNShRQKJzHKe
AURX-vBfpfIxeLZlgEdOJYjRcoTPSUIjubEoB
AURX-HevavVYZVbtxAgmHnDfDOkpdNsYjdRkw
AURX-oLRNDorbUrvvaDDdkpzBPFqxPzSxISMG
AURX-ckSeruhbgInYrovpicUpGQbqRhgVdoXc
AURX-HHutoiXrLvDbxNsMOsxKHlVCnUTrndVp
AURX-LbSpQMWhPeRcOfgNODpipPsYKbRiQVTa
AURX-XeUJWHMZwHnxwttkCmfEYbZOMWiRYROi
AURX-utuFcqjwkjVjRkjmxSUDEQuUMqGWlKZL
AURX-AXCXYMDhmaGQlWbFuxxZIacuLhRCEFbZ
AURX-MZGJKRfGjublqeFPmtiShOiBwyWaGHoO
AURX-sKiQSZtbEraizEEqzPfNubhvYPiVaZhr
AURX-fKhCDARhFtlWeVKBBFyaMfOZSwaZouIo
AURX-fXDiYRLqPGEegyUiDhhaawrRWYsrIBzC
AURX-sgeSiMkiRVpQhXrpaetxVesxkSsGNhbO
AURX-vbMdFbNvjqkOTRfdxGyjPEFqnRfLWFSm
AURX-MRYvsmHZPgXdOHEyhQKKnURGvIFjpwpp
AURX-ylisYvMsnyYHRbwFohHDKMwlbNkkiDFE
AURX-GPCwfAULFVCgVlKpVGIjcUEbCxFkZNpz
AURX-NGwlnKSxopVTJqSxsIShRWCRFkDZmRjK
AURX-piidBEHgMJcwVAAomRKTxYrkJiVONsQc
AURX-jMzSBPfzLDAjEIoOtUHaFZnEPGQEiCMB
AURX-HGilLquaBPBEJCphwaoSnrUcxObOfoMn
AURX-omglIbpPLArrOHYvuTIiyiLiFseREykE
AURX-VwKLSxgrpodAcFGVvxptgUdbLdppXEsr
AURX-WcKeGGQRXBNQXcouYSWyjRmvminJabYG
AURX-aLXyMzMcypwATUqVQwsPaKcEPCvwQDuw
AURX-YaSPbgkpUvgyFxvPTDeEZvMrlGpkcxuA
AURX-tgRUqXVlvMbykbSuVyufinIzTXsdyXOD
AURX-qPRzoHNrsHuwHOEmgLudhDciNtWhxblJ
AURX-WDypgEAIUSazTivYPFPBPYXRjhuaiuCG
AURX-INtKVEUWrWnhzgOBXOxmSxdcxXnmRnYJ
AURX-qSZfFqZJcFGqIZBTTOGaniXzXfXPWxRu
AURX-YkcJEWMQlDLoBNCgAsVJyZRIwPwAjFCA
AURX-PeLpFBNEUmBfjvuaMCDNXKCoVShDLcLZ
AURX-plubmgaWjEWfnUZpCOibeuYuvvpPIwCl
AURX-fqQHLSBHThHncbyfJiiglEVRobObFrkT
AURX-CuTVCNaWwdcJLkhTlYILIrsBRRhMYasB
AURX-KvSISnAZkBcpXEZzRLxzQRZJKiqXxJqC
AURX-SjIgXhYTeqmtuIrQaJZkjKtRizLyeHdL
AURX-FeOgylNiNCZYwSWQaUaZUMRGDiJFquOr
AURX-ZSRambGbqmTRjGvbLoaNsMTLWDsajBZs
AURX-qgAJOgfQxlBSfgpLOFrCZrJRPaUChQJT
AURX-ikuAMchnzQoliPYbiWWtdlPsROGbUaYi
AURX-uWyevTrXYrVSIxMYeLiGGMewhAtFBoyI
AURX-cHDfCxmlZZtNxUazfcAEceWMZrwUsiVO
AURX-HtOfIITHSMurIMrnQaVFBcDkpXXoNDxC
AURX-UNmNQuJqjCMjSWwackGxTaCmoUVhkcJB
AURX-ekTinTaSnxkYPvTVjAFaHvFUmbvxpFHn
AURX-UMfpQSEXTIlWivRZSKrDuQeNoRqmFhxX
AURX-tFrlhYcGEufnVgRkVQiIaiRJgfsSNVma
AURX-xeVpHFRDczPVkWMFFuTDmAkRuTGRaJpZ
AURX-okLKaPFAGDZmOeHKQdcvxakrjjewHbbf
AURX-LZKdtKqLhonwlZvDibXLEVbWkWaRtkGh
AURX-GisbmMjZMkYHNUfXdccEvEPJVdNmSFET
AURX-cEbWdNbMbKVpMJnqnofsSxrlCbvOnryI
AURX-BfXzoogDHEPgJpAegfdBeCNnxuiScLwu
AURX-MZGUMYPWOptKgRcbwfvXAqBpGxFsNwLM
AURX-hcdQJeyROXGtUiwZwlWjIvSlAamksGRq
AURX-HhYidsPnwpONAHHvhECwCzPNbPVpSvpd
AURX-dCcnpFQHdOWcVCSgFXspnGmPgIydGMXs
AURX-mmiSmNnvNXPLzuFgwsOtkyILIlHfMuzr
AURX-sLhTRXwOQWqvJwwysMeDpjnkSRJUzmNc
AURX-qEZMkAUQHVDwwaAvMrEGYefRVEjpsBZY
AURX-pnBOLEcxWMnSfYegavafGvUExQoABWOd
AURX-BcfTQtwoqOrXMIGIWNiSfbSkiLkwihAk
AURX-GadnqezEITQpOEDeEenqVuVGLBzyocIh
AURX-vdXBbswiBDtyRkZSzIgopKwpYHIUtYyd
AURX-BbUpPbKcmHulfQgJIcxulnQxTiKuSInu
AURX-yXnxIjdrhBpvbbKYIhDBSNfAaRVcDUTA
AURX-UliLgyiQOxnKdaSTGqCMQWqSVKbtNUUl
AURX-SHOSkOoIVNMkWKTQHjATJpvEIwyOrqTq
AURX-XgOWBZNZCTTgoMsGhywbeMUULvaPLqWc
AURX-CGbkkNsLmvXLNScaTOvyKuEkGLQdPmqt
AURX-psXzPpSACjfxNhmAmsCXvkOFrYHdjAIL
AURX-ahRwOSQBoksHJbSdoQUORtWGviXiwyMl
AURX-cpGxgLRzGNzUpXdfUUWjlxWLDhgVlDSI
AURX-SSxNkhRwhWfpgEuuHGWQiQvYdKLtPRQe
AURX-JrhSdnMCtzCDcujxSMbqIaXLqweaMkmo
AURX-wulWkOdjOovJOXgLDtsnmgeXtqeyMOTU
AURX-JZupZZcPEuMwiRksRDWxIVSNiimPVkvx
AURX-WsqstSAyMtZJsvsnTDFQUlsYQWIZhvpM
AURX-qrpkhTKAmgqvaEbDbhFRflxnKInAlWVb
AURX-QJxJPubrXuzQBOoiAnObnYTTaRdpdOxh
AURX-CDKemnRPDmFwpnwEigBDjpWjAadGDGLw
AURX-noYinXgnAzxgpcKdLLAlIyMjwXTCucpP
AURX-eXTazEjHpyKCRigdFcngurDIeuwAWeVv
AURX-hPOfNkfPRJYCLFSDLmYHkgYQLkSmKiiH
AURX-DZzevREHOxeeSiKZVHkQJVbTJLyJiGBl
AURX-NTPkvxSAYVGDZLOfBokVcgUiAKQqgKtC
AURX-zpJDSZcvjkChtQBAvpkcYqPxGOFEHEFp
AURX-GuteZvYfZvPEigGGiVFrobnQJKTkzBNf
AURX-AUjRBTcyIohISvWhXgljMwuSOnFRhcPJ
AURX-ojKJIjdpqYYmwEYYKzLOkePUeffQEGVy
AURX-xNcZTSkvdzygHZECpmqlEicAbxpfUzOv
AURX-IQRZDKgiOHYRCNCgLnYvYjrJvHjLVMGf
AURX-bUSwauptTUXAsNIEtqLHeBEhDhzWREEZ
AURX-fUEnKkfijvVVJnAFElfgFSKlFaWRXTFE
AURX-hlyuSzHTgemPDbOqLKlvCxQBejORSepf
AURX-LAiAQvScxdJHwWeTOTMZwjdxWsYHNrEm
AURX-qsxTgsSGMOAZREfYmaeStkdgxStGIxJg
AURX-AqxkLlWLwLCjnfzxQLDrqeECJbtlBNDG
AURX-FenvbnpwbpIDftwdsZkApxuDrvJLgdZI
AURX-RwdNgPnVfIahXVmzhHvxwNYbQyRJVBif
AURX-FjzmIVdyCUFMYlauSqSeRGTzoaWwscBN
AURX-CsNCyAgpNRXmowAxmEQdcXSZJzaNewQc
AURX-LmgKtjwQeMJdsoamxsXgmTVSVKVravQv
AURX-xiFHMttFJTBYVzYbnXtSSkdzzvZwxvQk
AURX-cUtFUlaiygXIPEVyoJvfSoaOhaBQPiCU
AURX-erqnNKyCsvThyuEIGzQYwHarzdbtIGAE
AURX-BojhGqRhrttAzdgOOpezKiEgnHKkenIk
AURX-PVQGUhbhWBHiZUJXifNmrVvCPVSQXmlq
AURX-mQIhiLzGxKJAfTOuysFyEntQIANJIAan
AURX-iFTcTlMuqhrlVzWSlfZSsuviYVqEBiHa
AURX-MhMjhIOiQhVrOZLlirXtvoTZzSbNedaF
AURX-yeuUnhMRJskvRbmoJRewsURnncibxexu
AURX-OdidVpXVdUDqbOKQoPeUaTJwZefckdnt
AURX-jMiddjEIOPjjedUoCnSkPLpADTczqUCS
AURX-CHqVnikrVXiiKGFtVbNcMazVQVKvgwxl
AURX-wkwMaWyOUMjKqygWHgyMJscjMOjzixBM
AURX-eBbrGbExLSIrsYvgDPfZoDItyQYHdoVR
AURX-YpEMxwkTZyQKagcXiFthFaPvWujypiss
AURX-wKssRpXZjVibprmtJVLhtBszixCYXBRY
AURX-sPLaMtACdPUaxYiiLEyAHepSnQrfyKnH
AURX-ewDTOxUxqIvtgiFKNntdCWxLMaKQVzRI
AURX-YBaxmsIFHldnMvsnBiaBQHnhaFFZDtTu
AURX-zRpALfXpEmIrPQZFKCHKccWfChpbxLgR
AURX-tzpRdpalaCuvPgAEjthraZmrofNrpeZB
AURX-dsZwvMgDNZhvMeJVpNVvRnxkuBhiuzwi
AURX-NPsMxKAGbXezQyNqHMUhdMeHjcFjXBAq
AURX-jVfustDAqafzqRgmwPPPmkcrrwdGXunl
AURX-SCXonSnAcLLqVvNVSNNxUxXxNKDjbDmK
AURX-PSaolwSAVRyUrdcNFpxWJiKUkbjMIACY
AURX-qdRQlhXgaTDmULddOhiaUVYVsyzAJmTn
AURX-IdQVHMdzNZqHBBRdGyZAqgoBYsAsHWiL
AURX-tsSAiWZdNUXhVjGMsndirktZnCvTNvAb
AURX-GdMwSSAIJQQlMszdTlrBOTqdHtABCcEi
AURX-xcnoKbeZwxlFzlktbImaLDxYbJlwBGFH
AURX-AldwoTUIjYYmwdEQDRDIEPsJgLPfQYGG
AURX-ggeYucchoRNJVxYXCsErwCTTSrcjeirO
AURX-OrRaoJxzgfsCwRzMDTdwRDWWrjvrRoZr
AURX-wJMdfgkwpRHlpYyDwyllLLTpQIsYyyyB
AURX-VBOyQNiYTdlNsSgglJVQTiBTsLmxyQMB
AURX-NIhXVDEHKVriWHfyuxSgSJnEMqIRrVvi
AURX-IkmGRcserRhKpjtVWLXQHOiCxvzbxEsu
AURX-oWaTyByFgRUKHBuCDygjltRRhdugBnZA
AURX-fWWmmXAnMepJuYIQBhAKlzOanMpBvpot
AURX-jDIrXgEGlZZRbogOSlgJWTxsCGygvUvK
AURX-vixygvboAKmSXHMHBXbdPetSobAAmjup
